# JRE version: Java(TM) SE Runtime Environment (8.0_45-b14) (build 1.8.0_45-b14)
# Java VM: Java HotSpot(TM) 64-Bit Server VM (25.45-b02 mixed mode windows-amd64 compressed oops)
Heap:
 PSYoungGen      total 306688K, used 181463K [0x00000000eab00000, 0x0000000100000000, 0x0000000100000000)
  eden space 280576K, 64% used [0x00000000eab00000,0x00000000f5c35f20,0x00000000fbd00000)
  from space 26112K, 0% used [0x00000000fe680000,0x00000000fe680000,0x0000000100000000)
  to   space 34304K, 0% used [0x00000000fbd00000,0x00000000fbd00000,0x00000000fde80000)
 ParOldGen       total 208384K, used 59482K [0x00000000c0000000, 0x00000000ccb80000, 0x00000000eab00000)
  object space 208384K, 28% used [0x00000000c0000000,0x00000000c3a16ac8,0x00000000ccb80000)
 Metaspace       used 60504K, capacity 62110K, committed 62424K, reserved 1103872K
  class space    used 8004K, capacity 8419K, committed 8448K, reserved 1048576K
GC Heap History (10 events):
Event: 10.483 GC heap before
{Heap before GC invocations=9 (full 2):
 PSYoungGen      total 201728K, used 187392K [0x00000000eab00000, 0x00000000f9700000, 0x0000000100000000)
  eden space 187392K, 100% used [0x00000000eab00000,0x00000000f6200000,0x00000000f6200000)
  from space 14336K, 0% used [0x00000000f7100000,0x00000000f7100000,0x00000000f7f00000)
  to   space 15360K, 0% used [0x00000000f6200000,0x00000000f6200000,0x00000000f7100000)
 ParOldGen       total 127488K, used 20064K [0x00000000c0000000, 0x00000000c7c80000, 0x00000000eab00000)
  object space 127488K, 15% used [0x00000000c0000000,0x00000000c1398148,0x00000000c7c80000)
 Metaspace       used 39047K, capacity 39874K, committed 40064K, reserved 1083392K
  class space    used 5233K, capacity 5459K, committed 5504K, reserved 1048576K
Event: 10.496 GC heap after
Heap after GC invocations=9 (full 2):
 PSYoungGen      total 202752K, used 13066K [0x00000000eab00000, 0x00000000ff780000, 0x0000000100000000)
  eden space 187392K, 0% used [0x00000000eab00000,0x00000000eab00000,0x00000000f6200000)
  from space 15360K, 85% used [0x00000000f6200000,0x00000000f6ec2aa0,0x00000000f7100000)
  to   space 16384K, 0% used [0x00000000fe780000,0x00000000fe780000,0x00000000ff780000)
 ParOldGen       total 127488K, used 20072K [0x00000000c0000000, 0x00000000c7c80000, 0x00000000eab00000)
  object space 127488K, 15% used [0x00000000c0000000,0x00000000c139a148,0x00000000c7c80000)
 Metaspace       used 39047K, capacity 39874K, committed 40064K, reserved 1083392K
  class space    used 5233K, capacity 5459K, committed 5504K, reserved 1048576K
}
Event: 15.453 GC heap before
{Heap before GC invocations=10 (full 2):
 PSYoungGen      total 202752K, used 200458K [0x00000000eab00000, 0x00000000ff780000, 0x0000000100000000)
  eden space 187392K, 100% used [0x00000000eab00000,0x00000000f6200000,0x00000000f6200000)
  from space 15360K, 85% used [0x00000000f6200000,0x00000000f6ec2aa0,0x00000000f7100000)
  to   space 16384K, 0% used [0x00000000fe780000,0x00000000fe780000,0x00000000ff780000)
 ParOldGen       total 127488K, used 20072K [0x00000000c0000000, 0x00000000c7c80000, 0x00000000eab00000)
  object space 127488K, 15% used [0x00000000c0000000,0x00000000c139a148,0x00000000c7c80000)
 Metaspace       used 47722K, capacity 48844K, committed 49152K, reserved 1091584K
  class space    used 6499K, capacity 6801K, committed 6912K, reserved 1048576K
Event: 15.539 GC heap after
Heap after GC invocations=10 (full 2):
 PSYoungGen      total 315904K, used 16355K [0x00000000eab00000, 0x00000000ffd80000, 0x0000000100000000)
  eden space 299520K, 0% used [0x00000000eab00000,0x00000000eab00000,0x00000000fcf80000)
  from space 16384K, 99% used [0x00000000fe780000,0x00000000ff778ff0,0x00000000ff780000)
  to   space 23552K, 0% used [0x00000000fcf80000,0x00000000fcf80000,0x00000000fe680000)
 ParOldGen       total 127488K, used 32230K [0x00000000c0000000, 0x00000000c7c80000, 0x00000000eab00000)
  object space 127488K, 25% used [0x00000000c0000000,0x00000000c1f79808,0x00000000c7c80000)
 Metaspace       used 47722K, capacity 48844K, committed 49152K, reserved 1091584K
  class space    used 6499K, capacity 6801K, committed 6912K, reserved 1048576K
}
Event: 25.876 GC heap before
{Heap before GC invocations=11 (full 2):
 PSYoungGen      total 315904K, used 315875K [0x00000000eab00000, 0x00000000ffd80000, 0x0000000100000000)
  eden space 299520K, 100% used [0x00000000eab00000,0x00000000fcf80000,0x00000000fcf80000)
  from space 16384K, 99% used [0x00000000fe780000,0x00000000ff778ff0,0x00000000ff780000)
  to   space 23552K, 0% used [0x00000000fcf80000,0x00000000fcf80000,0x00000000fe680000)
 ParOldGen       total 127488K, used 32230K [0x00000000c0000000, 0x00000000c7c80000, 0x00000000eab00000)
  object space 127488K, 25% used [0x00000000c0000000,0x00000000c1f79808,0x00000000c7c80000)
 Metaspace       used 52249K, capacity 53684K, committed 53888K, reserved 1095680K
  class space    used 7085K, capacity 7480K, committed 7552K, reserved 1048576K
Event: 25.943 GC heap after
Heap after GC invocations=11 (full 2):
 PSYoungGen      total 323072K, used 23540K [0x00000000eab00000, 0x0000000100000000, 0x0000000100000000)
  eden space 299520K, 0% used [0x00000000eab00000,0x00000000eab00000,0x00000000fcf80000)
  from space 23552K, 99% used [0x00000000fcf80000,0x00000000fe67d370,0x00000000fe680000)
  to   space 26112K, 0% used [0x00000000fe680000,0x00000000fe680000,0x0000000100000000)
 ParOldGen       total 127488K, used 48998K [0x00000000c0000000, 0x00000000c7c80000, 0x00000000eab00000)
  object space 127488K, 38% used [0x00000000c0000000,0x00000000c2fd9a18,0x00000000c7c80000)
 Metaspace       used 52249K, capacity 53684K, committed 53888K, reserved 1095680K
  class space    used 7085K, capacity 7480K, committed 7552K, reserved 1048576K
}
Event: 29.521 GC heap before
{Heap before GC invocations=12 (full 2):
 PSYoungGen      total 323072K, used 208507K [0x00000000eab00000, 0x0000000100000000, 0x0000000100000000)
  eden space 299520K, 61% used [0x00000000eab00000,0x00000000f5fa1aa0,0x00000000fcf80000)
  from space 23552K, 99% used [0x00000000fcf80000,0x00000000fe67d370,0x00000000fe680000)
  to   space 26112K, 0% used [0x00000000fe680000,0x00000000fe680000,0x0000000100000000)
 ParOldGen       total 127488K, used 48998K [0x00000000c0000000, 0x00000000c7c80000, 0x00000000eab00000)
  object space 127488K, 38% used [0x00000000c0000000,0x00000000c2fd9a18,0x00000000c7c80000)
 Metaspace       used 57325K, capacity 58888K, committed 59096K, reserved 1099776K
  class space    used 7740K, capacity 8182K, committed 8192K, reserved 1048576K
Event: 29.563 GC heap after
Heap after GC invocations=12 (full 2):
 PSYoungGen      total 306688K, used 22013K [0x00000000eab00000, 0x0000000100000000, 0x0000000100000000)
  eden space 280576K, 0% used [0x00000000eab00000,0x00000000eab00000,0x00000000fbd00000)
  from space 26112K, 84% used [0x00000000fe680000,0x00000000ffbff778,0x0000000100000000)
  to   space 34304K, 0% used [0x00000000fbd00000,0x00000000fbd00000,0x00000000fde80000)
 ParOldGen       total 127488K, used 60788K [0x00000000c0000000, 0x00000000c7c80000, 0x00000000eab00000)
  object space 127488K, 47% used [0x00000000c0000000,0x00000000c3b5d360,0x00000000c7c80000)
 Metaspace       used 57325K, capacity 58888K, committed 59096K, reserved 1099776K
  class space    used 7740K, capacity 8182K, committed 8192K, reserved 1048576K
}
Event: 29.563 GC heap before
{Heap before GC invocations=13 (full 3):
 PSYoungGen      total 306688K, used 22013K [0x00000000eab00000, 0x0000000100000000, 0x0000000100000000)
  eden space 280576K, 0% used [0x00000000eab00000,0x00000000eab00000,0x00000000fbd00000)
  from space 26112K, 84% used [0x00000000fe680000,0x00000000ffbff778,0x0000000100000000)
  to   space 34304K, 0% used [0x00000000fbd00000,0x00000000fbd00000,0x00000000fde80000)
 ParOldGen       total 127488K, used 60788K [0x00000000c0000000, 0x00000000c7c80000, 0x00000000eab00000)
  object space 127488K, 47% used [0x00000000c0000000,0x00000000c3b5d360,0x00000000c7c80000)
 Metaspace       used 57325K, capacity 58888K, committed 59096K, reserved 1099776K
  class space    used 7740K, capacity 8182K, committed 8192K, reserved 1048576K
Event: 29.850 GC heap after
Heap after GC invocations=13 (full 3):
 PSYoungGen      total 306688K, used 0K [0x00000000eab00000, 0x0000000100000000, 0x0000000100000000)
  eden space 280576K, 0% used [0x00000000eab00000,0x00000000eab00000,0x00000000fbd00000)
  from space 26112K, 0% used [0x00000000fe680000,0x00000000fe680000,0x0000000100000000)
  to   space 34304K, 0% used [0x00000000fbd00000,0x00000000fbd00000,0x00000000fde80000)
 ParOldGen       total 208384K, used 59482K [0x00000000c0000000, 0x00000000ccb80000, 0x00000000eab00000)
  object space 208384K, 28% used [0x00000000c0000000,0x00000000c3a16ac8,0x00000000ccb80000)
 Metaspace       used 57325K, capacity 58888K, committed 59096K, reserved 1099776K
  class space    used 7740K, capacity 8182K, committed 8192K, reserved 1048576K
}

